<?xml version="1.0" encoding="UTF-8"?>
<!-- Generated by org.testng.reporters.JUnitReportReporter -->
<testsuite hostname="Marcos-iMac.local" name="Tests.rTest" tests="6" failures="0" timestamp="16 Apr 2019 16:43:45 GMT" time="9.215" errors="0">
  <testcase name="SignIn" time="2.873" classname="Tests.rTest"/>
  <testcase name="SelectOffer" time="2.470" classname="Tests.rTest"/>
  <testcase name="Fill_program_application" time="1.832" classname="Tests.rTest"/>
  <testcase name="MerchantLogInPage" time="0.571" classname="Tests.rTest"/>
  <testcase name="DisplaySignInMenu" time="0.615" classname="Tests.rTest"/>
  <testcase name="AffiliateSignUp" time="0.854" classname="Tests.rTest"/>
</testsuite> <!-- Tests.rTest -->
